INFO:root:ball player diff str turn	0.67	0.79	0.12	0.04	20261.75642256581
INFO:root:ball player diff str turn	0.67	0.79	0.12	0.04	20262.340898599083
INFO:root:ball player diff str turn	0.67	0.79	0.12	0.04	20265.235985574473
INFO:root:ball player diff str turn	0.67	0.79	0.12	0.04	20268.782851153133
INFO:root:ball player diff str turn	0.67	0.79	0.12	0.04	20275.56285284094
INFO:root:ball player diff str turn	0.67	0.79	0.12	0.04	20285.419939506533
INFO:root:ball player diff str turn	0.66	0.79	0.12	0.04	20294.494048718927
INFO:root:ball player diff str turn	0.66	0.79	0.13	0.04	20323.831807090988
INFO:root:ball player diff str turn	0.66	0.79	0.13	0.04	20319.95473517377
INFO:root:ball player diff str turn	0.65	0.79	0.13	0.04	20351.383335892602
INFO:root:ball player diff str turn	0.65	0.79	0.14	0.04	20375.27265424648
INFO:root:ball player diff str turn	0.64	0.79	0.14	0.04	20393.12605169051
INFO:root:ball player diff str turn	0.64	0.79	0.15	0.05	20420.447661490813
INFO:root:ball player diff str turn	0.63	0.79	0.15	0.05	20451.337813199774
INFO:root:ball player diff str turn	0.63	0.79	0.16	0.05	20486.2776987422
INFO:root:ball player diff str turn	0.62	0.79	0.16	0.05	20518.29237450218
INFO:root:ball player diff str turn	0.61	0.79	0.17	0.05	20558.006764352864
INFO:root:ball player diff str turn	0.60	0.79	0.18	0.06	20612.358345611705
INFO:root:ball player diff str turn	0.59	0.79	0.19	0.06	20669.804189541814
INFO:root:ball player diff str turn	0.58	0.79	0.20	0.06	20723.288918513626
INFO:root:ball player diff str turn	0.57	0.79	0.22	0.07	20798.207950897646
INFO:root:ball player diff str turn	0.55	0.79	0.24	0.07	20885.967782948916
INFO:root:ball player diff str turn	0.54	0.79	0.25	0.08	20959.704293523435
INFO:root:ball player diff str turn	0.51	0.79	0.27	0.09	21090.034491877297
INFO:root:ball player diff str turn	0.48	0.79	0.30	0.10	21236.237036423332
INFO:root:ball player diff str turn	0.45	0.79	0.34	0.11	21416.85354421104
INFO:root:ball player diff str turn	0.42	0.79	0.37	0.12	21576.181456309285
INFO:root:ball player diff str turn	0.36	0.78	0.42	0.13	21864.635814626723
INFO:root:ball player diff str turn	0.30	0.78	0.48	0.15	22163.625100156343
INFO:root:ball player diff str turn	0.19	0.77	0.58	0.18	22669.82693307605
INFO:root:ball player diff str turn	0.11	0.76	0.65	0.21	23025.894777326772
INFO:root:ball player diff str turn	-0.07	0.73	0.80	0.25	23837.24094652516
INFO:root:ball player diff str turn	-0.31	0.70	1.01	0.32	24917.471401480136
INFO:root:ball player diff str turn	-0.67	0.65	1.32	0.42	26555.305101869715
INFO:root:ball player diff str turn	-0.96	0.60	1.56	0.50	27819.825212972017
INFO:root:ball player diff str turn	-1.35	0.52	1.87	0.59	29402.615803461482
INFO:root:ball player diff str turn	-1.69	0.40	2.09	0.67	30565.51096596355
INFO:root:ball player diff str turn	-1.95	0.25	2.20	0.70	31135.775726667565
INFO:root:ball player diff str turn	-2.10	0.13	2.23	0.71	31275.441193540337
INFO:root:ball player diff str turn	-2.22	0.01	2.23	0.71	31296.116157002514
INFO:root:ball player diff str turn	-2.40	-0.19	2.21	0.70	31175.451307987973
INFO:root:ball player diff str turn	-2.55	-0.38	2.17	0.69	30962.38232810367
INFO:root:ball player diff str turn	-2.71	-0.60	2.11	0.67	30654.267848767453
INFO:root:ball player diff str turn	-2.80	-0.74	2.07	0.66	30437.60927022135
INFO:root:ball player diff str turn	-2.92	-0.90	2.02	0.64	30172.409037814545
INFO:root:ball player diff str turn	-3.01	-1.07	1.94	0.62	29782.3516243493
INFO:root:ball player diff str turn	-3.12	-1.20	1.92	0.61	29686.633601732934
INFO:root:ball player diff str turn	3.07	4.96	1.89	0.60	29492.296962144326
INFO:root:ball player diff str turn	2.96	4.80	1.84	0.58	29238.078591801812
INFO:root:ball player diff str turn	2.85	4.64	1.79	0.57	28994.82058108124
INFO:root:ball player diff str turn	2.78	4.54	1.76	0.56	28841.837272350254
INFO:root:ball player diff str turn	2.68	4.40	1.72	0.55	28648.385697496484
INFO:root:ball player diff str turn	2.57	4.26	1.69	0.54	28452.638627083747
INFO:root:ball player diff str turn	2.50	4.16	1.66	0.53	28336.6150791991
INFO:root:ball player diff str turn	2.40	4.04	1.64	0.52	28189.094108368743
INFO:root:ball player diff str turn	2.30	3.91	1.61	0.51	28040.34385605597
INFO:root:ball player diff str turn	2.19	3.77	1.58	0.50	27907.66406494329
INFO:root:ball player diff str turn	2.10	3.66	1.56	0.50	27798.77151379785
INFO:root:ball player diff str turn	2.03	3.57	1.55	0.49	27727.666819771868
INFO:root:ball player diff str turn	1.92	3.45	1.53	0.49	27630.381811519022
INFO:root:ball player diff str turn	1.83	3.34	1.51	0.48	27550.387284953904
INFO:root:ball player diff str turn	1.73	3.23	1.50	0.48	27481.01871578452
INFO:root:ball player diff str turn	1.63	3.12	1.49	0.47	27422.505335772446
INFO:root:ball player diff str turn	1.53	3.00	1.48	0.47	27368.720928614028
INFO:root:ball player diff str turn	1.43	2.90	1.47	0.47	27326.3341617608
INFO:root:ball player diff str turn	1.33	2.79	1.46	0.47	27292.260138257072
INFO:root:ball player diff str turn	1.23	2.69	1.46	0.46	27264.948892277775
INFO:root:ball player diff str turn	1.13	2.59	1.45	0.46	27246.988982713592
INFO:root:ball player diff str turn	1.04	2.49	1.45	0.46	27235.751453071498
INFO:root:ball player diff str turn	0.94	2.39	1.45	0.46	27228.297872609633
INFO:root:ball player diff str turn	0.83	2.29	1.45	0.46	27225.972618782856
INFO:root:ball player diff str turn	0.73	2.18	1.45	0.46	27228.879589773096
INFO:root:ball player diff str turn	0.63	2.08	1.45	0.46	27237.12056549568
INFO:root:ball player diff str turn	0.49	1.95	1.46	0.46	27255.412732707984
INFO:root:ball player diff str turn	0.42	1.88	1.46	0.46	27267.83202936845
INFO:root:ball player diff str turn	0.31	1.77	1.46	0.47	27294.123292117867
INFO:root:ball player diff str turn	0.20	1.67	1.47	0.47	27323.621285449255
INFO:root:ball player diff str turn	0.08	1.55	1.48	0.47	27360.805111101683
INFO:root:ball player diff str turn	-0.03	1.45	1.48	0.47	27394.399356774295
INFO:root:ball player diff str turn	-0.16	1.33	1.49	0.47	27433.75278719494
INFO:root:ball player diff str turn	-0.27	1.23	1.50	0.48	27471.52330223423
INFO:root:ball player diff str turn	-0.38	1.12	1.50	0.48	27507.593769078238
INFO:root:ball player diff str turn	-0.51	1.01	1.51	0.48	27546.92222206234
INFO:root:ball player diff str turn	-0.62	0.90	1.52	0.48	27580.036885266407
INFO:root:ball player diff str turn	-0.74	0.78	1.53	0.49	27614.468451698893
INFO:root:ball player diff str turn	-0.86	0.67	1.53	0.49	27642.32725828786
INFO:root:ball player diff str turn	-0.94	0.59	1.53	0.49	27662.37441733472
INFO:root:ball player diff str turn	-1.06	0.48	1.54	0.49	27690.11227939887
INFO:root:ball player diff str turn	-1.18	0.36	1.55	0.49	27719.865582666338
INFO:root:ball player diff str turn	-1.31	0.24	1.55	0.49	27743.481900936844
INFO:root:ball player diff str turn	-1.42	0.13	1.55	0.49	27762.75135966239
INFO:root:ball player diff str turn	-1.56	0.00	1.56	0.50	27781.21454801213
INFO:root:ball player diff str turn	-1.65	-0.09	1.56	0.50	27789.383634496615
INFO:root:ball player diff str turn	-1.77	-0.21	1.56	0.50	27797.928640696337
INFO:root:ball player diff str turn	-1.89	-0.33	1.56	0.50	27804.12391706621
INFO:root:ball player diff str turn	-2.00	-0.44	1.56	0.50	27808.875625905734
INFO:root:ball player diff str turn	-2.12	-0.55	1.56	0.50	27812.19291998554
INFO:root:ball player diff str turn	-2.24	-0.67	1.56	0.50	27814.15335778709
INFO:root:ball player diff str turn	-2.35	-0.79	1.56	0.50	27786.60844983871
INFO:root:ball player diff str turn	-2.45	-0.90	1.55	0.49	27758.581386910035
INFO:root:ball player diff str turn	-2.59	-1.02	1.56	0.50	27810.3080016693
INFO:root:ball player diff str turn	-2.70	-1.14	1.56	0.50	27806.18265435673
INFO:root:ball player diff str turn	-2.82	-1.26	1.56	0.50	27800.177977725667
INFO:root:ball player diff str turn	-2.90	-1.34	1.56	0.50	27795.3495164634
INFO:root:ball player diff str turn	-3.02	-1.46	1.56	0.50	27786.95455436369
INFO:root:ball player diff str turn	3.14	4.70	1.56	0.50	27777.293854489166
INFO:root:ball player diff str turn	3.02	4.57	1.55	0.49	27766.51258045819
INFO:root:ball player diff str turn	2.93	4.48	1.55	0.49	27757.78814430252
INFO:root:ball player diff str turn	2.82	4.37	1.55	0.49	27746.49579281105
INFO:root:ball player diff str turn	2.67	4.22	1.55	0.49	27732.472904738785
INFO:root:ball player diff str turn	2.56	4.11	1.55	0.49	27726.854754954406
INFO:root:ball player diff str turn	2.48	4.02	1.55	0.49	27723.295268119356
INFO:root:ball player diff str turn	2.34	3.88	1.54	0.49	27717.114112908126
INFO:root:ball player diff str turn	2.22	3.76	1.54	0.49	27711.675058929708
INFO:root:ball player diff str turn	2.11	3.65	1.54	0.49	27706.58261244675
INFO:root:ball player diff str turn	2.00	3.54	1.54	0.49	27701.442567638136
INFO:root:ball player diff str turn	1.88	3.42	1.54	0.49	27695.83991770236
INFO:root:ball player diff str turn	1.80	3.34	1.54	0.49	27692.145113533046
INFO:root:ball player diff str turn	1.68	3.22	1.54	0.49	27686.721980152048
INFO:root:ball player diff str turn	1.54	3.08	1.54	0.49	27680.669320506964
INFO:root:ball player diff str turn	1.43	2.96	1.54	0.49	27676.19080038528
INFO:root:ball player diff str turn	1.35	2.88	1.54	0.49	27673.119307371795
INFO:root:ball player diff str turn	1.24	2.77	1.54	0.49	27669.197536364827
INFO:root:ball player diff str turn	1.12	2.65	1.54	0.49	27665.37211696538
INFO:root:ball player diff str turn	1.01	2.54	1.53	0.49	27664.57780069731
INFO:root:ball player diff str turn	0.89	2.42	1.54	0.49	27669.26328549116
INFO:root:ball player diff str turn	0.77	2.31	1.54	0.49	27672.76251656607
INFO:root:ball player diff str turn	0.65	2.19	1.54	0.49	27672.234144070862
INFO:root:ball player diff str turn	0.54	2.08	1.54	0.49	27671.169548939266
INFO:root:ball player diff str turn	0.42	1.96	1.54	0.49	27670.20153711847
INFO:root:ball player diff str turn	0.32	1.86	1.53	0.49	27664.440276340272
INFO:root:ball player diff str turn	0.23	1.77	1.54	0.49	27670.09139113861
INFO:root:ball player diff str turn	0.12	1.66	1.54	0.49	27675.676387602995
INFO:root:ball player diff str turn	-0.00	1.54	1.54	0.49	27678.47450181631
INFO:root:ball player diff str turn	-0.12	1.41	1.54	0.49	27679.78981544855
INFO:root:ball player diff str turn	-0.23	1.30	1.54	0.49	27680.967157191026
INFO:root:ball player diff str turn	-0.36	1.18	1.54	0.49	27682.46063586867
INFO:root:ball player diff str turn	-0.47	1.07	1.54	0.49	27684.057793666587
INFO:root:ball player diff str turn	-0.58	0.96	1.54	0.49	27685.865921516714
INFO:root:ball player diff str turn	-0.66	0.87	1.53	0.49	27634.661508086378
INFO:root:ball player diff str turn	-0.77	0.77	1.54	0.49	27689.750342701773
INFO:root:ball player diff str turn	-0.85	0.69	1.54	0.49	27694.977079281973
INFO:root:ball player diff str turn	-0.85	0.69	1.54	0.49	27694.977079281973
INFO:root:ball player diff str turn	-0.90	0.64	1.54	0.49	27698.235281898225
INFO:root:ball player diff str turn	-0.90	0.64	1.54	0.49	27698.235281898225
INFO:root:ball player diff str turn	-0.90	0.64	1.54	0.49	27698.235281898225
INFO:root:ball player diff str turn	-0.90	0.64	1.54	0.49	27698.235281898225
INFO:root:ball player diff str turn	-0.90	0.64	1.54	0.49	27698.235281898225
INFO:root:ball player diff str turn	-0.90	0.64	1.54	0.49	27698.235281898225
INFO:root:ball player diff str turn	-0.90	0.64	1.54	0.49	27698.235281898225
INFO:root:ball player diff str turn	-0.90	0.64	1.54	0.49	27698.235281898225
INFO:root:ball player diff str turn	-0.90	0.64	1.54	0.49	27698.235281898225
INFO:root:ball player diff str turn	-0.90	0.64	1.54	0.49	27698.235281898225
INFO:root:ball player diff str turn	-0.90	0.64	1.54	0.49	27698.235281898225
INFO:root:ball player diff str turn	-0.90	0.64	1.54	0.49	27698.235281898225
INFO:root:ball player diff str turn	-0.90	0.64	1.54	0.49	27698.235281898225
INFO:root:ball player diff str turn	-0.90	0.64	1.54	0.49	27698.235281898225
INFO:root:ball player diff str turn	-0.90	0.64	1.54	0.49	27698.235281898225
INFO:root:ball player diff str turn	-0.90	0.64	1.54	0.49	27698.235281898225
INFO:root:ball player diff str turn	-0.90	0.64	1.54	0.49	27698.235281898225
INFO:root:ball player diff str turn	-0.90	0.64	1.54	0.49	27698.235281898225
INFO:root:ball player diff str turn	-0.90	0.64	1.54	0.49	27698.235281898225
INFO:root:ball player diff str turn	-0.90	0.64	1.54	0.49	27698.235281898225
INFO:root:ball player diff str turn	-0.90	0.64	1.54	0.49	27698.235281898225
INFO:root:ball player diff str turn	-0.90	0.64	1.54	0.49	27698.235281898225
INFO:root:ball player diff str turn	-0.90	0.64	1.54	0.49	27698.235281898225
INFO:root:ball player diff str turn	-0.90	0.64	1.54	0.49	27698.235281898225
INFO:root:ball player diff str turn	-0.90	0.64	1.54	0.49	27698.235281898225
INFO:root:ball player diff str turn	-0.90	0.64	1.54	0.49	27698.235281898225
INFO:root:ball player diff str turn	-0.90	0.64	1.54	0.49	27698.235281898225
INFO:root:ball player diff str turn	-0.90	0.64	1.54	0.49	27698.235281898225
INFO:root:ball player diff str turn	-0.90	0.64	1.54	0.49	27698.235281898225
INFO:root:ball player diff str turn	-0.90	0.64	1.54	0.49	27698.235281898225
INFO:root:ball player diff str turn	-0.90	0.64	1.54	0.49	27698.235281898225
INFO:root:ball player diff str turn	-0.90	0.64	1.54	0.49	27698.235281898225
INFO:root:ball player diff str turn	-0.90	0.64	1.54	0.49	27698.235281898225
INFO:root:ball player diff str turn	-0.90	0.64	1.54	0.49	27698.235281898225
INFO:root:ball player diff str turn	-0.90	0.64	1.54	0.49	27698.235281898225
INFO:root:ball player diff str turn	-0.90	0.64	1.54	0.49	27698.235281898225
INFO:root:ball player diff str turn	-0.90	0.64	1.54	0.49	27698.235281898225
INFO:root:ball player diff str turn	-0.90	0.64	1.54	0.49	27698.235281898225
INFO:root:ball player diff str turn	-0.90	0.64	1.54	0.49	27698.235281898225
INFO:root:ball player diff str turn	-0.90	0.64	1.54	0.49	27698.235281898225
INFO:root:ball player diff str turn	-0.90	0.64	1.54	0.49	27698.235281898225
INFO:root:ball player diff str turn	-0.90	0.64	1.54	0.49	27698.235281898225
INFO:root:ball player diff str turn	-0.90	0.64	1.54	0.49	27698.235281898225
INFO:root:ball player diff str turn	-0.90	0.64	1.54	0.49	27698.235281898225
INFO:root:ball player diff str turn	-0.90	0.64	1.54	0.49	27698.235281898225
INFO:root:ball player diff str turn	-0.90	0.64	1.54	0.49	27698.235281898225
INFO:root:ball player diff str turn	-0.90	0.64	1.54	0.49	27698.235281898225
INFO:root:ball player diff str turn	-0.90	0.64	1.54	0.49	27698.235281898225
INFO:root:ball player diff str turn	-0.90	0.64	1.54	0.49	27698.235281898225
INFO:root:ball player diff str turn	-0.90	0.64	1.54	0.49	27698.235281898225
INFO:root:ball player diff str turn	-0.90	0.64	1.54	0.49	27698.235281898225
INFO:root:ball player diff str turn	-0.90	0.64	1.54	0.49	27698.235281898225
